<html>
<head>
<title>TestNG:  Test</title>
<link href="../testng.css" rel="stylesheet" type="text/css" />
<link href="../my-testng.css" rel="stylesheet" type="text/css" />

<style type="text/css">
.log { display: none;} 
.stack-trace { display: none;} 
</style>
<script type="text/javascript">
<!--
function flip(e) {
  current = e.style.display;
  if (current == 'block') {
    e.style.display = 'none';
    return 0;
  }
  else {
    e.style.display = 'block';
    return 1;
  }
}

function toggleBox(szDivId, elem, msg1, msg2)
{
  var res = -1;  if (document.getElementById) {
    res = flip(document.getElementById(szDivId));
  }
  else if (document.all) {
    // this is the way old msie versions work
    res = flip(document.all[szDivId]);
  }
  if(elem) {
    if(res == 0) elem.innerHTML = msg1; else elem.innerHTML = msg2;
  }

}

function toggleAllBoxes() {
  if (document.getElementsByTagName) {
    d = document.getElementsByTagName('div');
    for (i = 0; i < d.length; i++) {
      if (d[i].className == 'log') {
        flip(d[i]);
      }
    }
  }
}

// -->
</script>

</head>
<body>
<h2 align='center'>Test</h2><table border='1' align="center">
<tr>
<td>Tests passed/Failed/Skipped:</td><td>12/2/0</td>
</tr><tr>
<td>Started on:</td><td>Thu Jun 18 16:41:03 WIB 2015</td>
</tr>
<tr><td>Total time:</td><td>44 seconds (44595 ms)</td>
</tr><tr>
<td>Included groups:</td><td></td>
</tr><tr>
<td>Excluded groups:</td><td></td>
</tr>
</table><p/>
<small><i>(Hover the method name to see the test class name)</i></small><p/>
<table width='100%' border='1' class='invocation-failed'>
<tr><td colspan='4' align='center'><b>FAILED TESTS</b></td></tr>
<tr><td><b>Test method</b></td>
<td width="30%"><b>Exception</b></td>
<td width="10%"><b>Time (seconds)</b></td>
<td><b>Instance</b></td>
</tr>
<tr>
<td title='com.happyfresh.android.Launch.TC_2014Q20007_001_001()'><b>TC_2014Q20007_001_001</b><br>Test class: com.happyfresh.android.Launch</td>
<td><div><pre>org.openqa.selenium.NoSuchElementException: An element could not be located on the page using the given search parameters. (WARNING: The server did not provide any stacktrace information)
Command duration or timeout: 5.66 seconds
For documentation on this error, please visit: http://seleniumhq.org/exceptions/no_such_element.html
Build info: version: &apos;2.46.0&apos;, revision: &apos;61506a4624b13675f24581e453592342b7485d71&apos;, time: &apos;2015-06-04 10:22:50&apos;
System info: host: &apos;ketoprak-ma.local&apos;, ip: &apos;10.0.30.28&apos;, os.name: &apos;Mac OS X&apos;, os.arch: &apos;x86_64&apos;, os.version: &apos;10.9.5&apos;, java.version: &apos;1.8.0_25&apos;
Driver info: io.appium.java_client.android.AndroidDriver
Capabilities [{app=/Users/rsavianto/Projects/Makana/android/app/build/outputs/apk/app-staging-debug.apk, appPackage=com.happyfresh.staging, networkConnectionEnabled=true, intentAction=android.intent.action.MAIN, warnings={}, databaseEnabled=false, deviceName=0611baf600732ea3, platform=LINUX, desired={app=/Users/rsavianto/Projects/Makana/android/app/build/outputs/apk/app-staging-debug.apk, appPackage=com.happyfresh.staging, intentAction=android.intent.action.MAIN, platformVersion=4.4, platformName=Android, deviceName=Android}, platformVersion=5.1.1, webStorageEnabled=false, locationContextEnabled=false, browserName=Android, takesScreenshot=true, javascriptEnabled=true, platformName=Android}]
Session ID: a30d6f8e-a05e-4031-b8ed-abeda4397c09
*** Element info: {Using=id, value=com.happyfresh.staging:id/logo}
	at org.openqa.selenium.remote.ErrorHandler.createThrowable(ErrorHandler.java:204)
	at org.openqa.selenium.remote.ErrorHandler.throwIfResponseFailed(ErrorHandler.java:156)
	at org.openqa.selenium.remote.RemoteWebDriver.execute(RemoteWebDriver.java:605)
	at io.appium.java_client.AppiumDriver.execute(AppiumDriver.java:180)
	at org.openqa.selenium.remote.RemoteWebDriver.findElement(RemoteWebDriver.java:358)
	at org.openqa.selenium.remote.RemoteWebDriver.findElementById(RemoteWebDriver.java:399)
	at org.openqa.selenium.By$ById.findElement(By.java:215)
	at org.openqa.selenium.remote.RemoteWebDriver.findElement(RemoteWebDriver.java:350)
	at com.happyfresh.android.Launch.TC_2014Q20007_001_001(Launch.java:34)
... Removed 28 stack frames</pre></div><a href='#' onClick='toggleBox("stack-trace396283472", this, "Click to show all stack frames", "Click to hide stack frames")'>Click to show all stack frames</a>
<div class='stack-trace' id='stack-trace396283472'><pre>org.openqa.selenium.NoSuchElementException: An element could not be located on the page using the given search parameters. (WARNING: The server did not provide any stacktrace information)
Command duration or timeout: 5.66 seconds
For documentation on this error, please visit: http://seleniumhq.org/exceptions/no_such_element.html
Build info: version: &apos;2.46.0&apos;, revision: &apos;61506a4624b13675f24581e453592342b7485d71&apos;, time: &apos;2015-06-04 10:22:50&apos;
System info: host: &apos;ketoprak-ma.local&apos;, ip: &apos;10.0.30.28&apos;, os.name: &apos;Mac OS X&apos;, os.arch: &apos;x86_64&apos;, os.version: &apos;10.9.5&apos;, java.version: &apos;1.8.0_25&apos;
Driver info: io.appium.java_client.android.AndroidDriver
Capabilities [{app=/Users/rsavianto/Projects/Makana/android/app/build/outputs/apk/app-staging-debug.apk, appPackage=com.happyfresh.staging, networkConnectionEnabled=true, intentAction=android.intent.action.MAIN, warnings={}, databaseEnabled=false, deviceName=0611baf600732ea3, platform=LINUX, desired={app=/Users/rsavianto/Projects/Makana/android/app/build/outputs/apk/app-staging-debug.apk, appPackage=com.happyfresh.staging, intentAction=android.intent.action.MAIN, platformVersion=4.4, platformName=Android, deviceName=Android}, platformVersion=5.1.1, webStorageEnabled=false, locationContextEnabled=false, browserName=Android, takesScreenshot=true, javascriptEnabled=true, platformName=Android}]
Session ID: a30d6f8e-a05e-4031-b8ed-abeda4397c09
*** Element info: {Using=id, value=com.happyfresh.staging:id/logo}
	at sun.reflect.NativeConstructorAccessorImpl.newInstance0(Native Method)
	at sun.reflect.NativeConstructorAccessorImpl.newInstance(NativeConstructorAccessorImpl.java:62)
	at sun.reflect.DelegatingConstructorAccessorImpl.newInstance(DelegatingConstructorAccessorImpl.java:45)
	at java.lang.reflect.Constructor.newInstance(Constructor.java:408)
	at org.openqa.selenium.remote.ErrorHandler.createThrowable(ErrorHandler.java:204)
	at org.openqa.selenium.remote.ErrorHandler.throwIfResponseFailed(ErrorHandler.java:156)
	at org.openqa.selenium.remote.RemoteWebDriver.execute(RemoteWebDriver.java:605)
	at io.appium.java_client.AppiumDriver.execute(AppiumDriver.java:180)
	at org.openqa.selenium.remote.RemoteWebDriver.findElement(RemoteWebDriver.java:358)
	at org.openqa.selenium.remote.RemoteWebDriver.findElementById(RemoteWebDriver.java:399)
	at org.openqa.selenium.By$ById.findElement(By.java:215)
	at org.openqa.selenium.remote.RemoteWebDriver.findElement(RemoteWebDriver.java:350)
	at com.happyfresh.android.Launch.TC_2014Q20007_001_001(Launch.java:34)
	at sun.reflect.NativeMethodAccessorImpl.invoke0(Native Method)
	at sun.reflect.NativeMethodAccessorImpl.invoke(NativeMethodAccessorImpl.java:62)
	at sun.reflect.DelegatingMethodAccessorImpl.invoke(DelegatingMethodAccessorImpl.java:43)
	at java.lang.reflect.Method.invoke(Method.java:483)
	at org.testng.internal.MethodInvocationHelper.invokeMethod(MethodInvocationHelper.java:84)
	at org.testng.internal.Invoker.invokeMethod(Invoker.java:714)
	at org.testng.internal.Invoker.invokeTestMethod(Invoker.java:901)
	at org.testng.internal.Invoker.invokeTestMethods(Invoker.java:1231)
	at org.testng.internal.TestMethodWorker.invokeTestMethods(TestMethodWorker.java:127)
	at org.testng.internal.TestMethodWorker.run(TestMethodWorker.java:111)
	at org.testng.TestRunner.privateRun(TestRunner.java:767)
	at org.testng.TestRunner.run(TestRunner.java:617)
	at org.testng.SuiteRunner.runTest(SuiteRunner.java:348)
	at org.testng.SuiteRunner.runSequentially(SuiteRunner.java:343)
	at org.testng.SuiteRunner.privateRun(SuiteRunner.java:305)
	at org.testng.SuiteRunner.run(SuiteRunner.java:254)
	at org.testng.SuiteRunnerWorker.runSuite(SuiteRunnerWorker.java:52)
	at org.testng.SuiteRunnerWorker.run(SuiteRunnerWorker.java:86)
	at org.testng.TestNG.runSuitesSequentially(TestNG.java:1224)
	at org.testng.TestNG.runSuitesLocally(TestNG.java:1149)
	at org.testng.TestNG.run(TestNG.java:1057)
	at org.testng.remote.RemoteTestNG.run(RemoteTestNG.java:111)
	at org.testng.remote.RemoteTestNG.initAndRun(RemoteTestNG.java:204)
	at org.testng.remote.RemoteTestNG.main(RemoteTestNG.java:175)
</pre></div></td>
<td>5</td>
<td>com.happyfresh.android.Launch@27f674d</td></tr>
<tr>
<td title='com.happyfresh.android.Launch.TC_2014Q20007_001_015()'><b>TC_2014Q20007_001_015</b><br>Test class: com.happyfresh.android.Launch</td>
<td><div><pre>java.lang.AssertionError: Back button on Sign Up page not exist expected [true] but found [false]
	at com.happyfresh.android.Launch.TC_2014Q20007_001_015(Launch.java:178)
... Removed 27 stack frames</pre></div><a href='#' onClick='toggleBox("stack-trace1239807799", this, "Click to show all stack frames", "Click to hide stack frames")'>Click to show all stack frames</a>
<div class='stack-trace' id='stack-trace1239807799'><pre>java.lang.AssertionError: Back button on Sign Up page not exist expected [true] but found [false]
	at org.testng.Assert.fail(Assert.java:94)
	at org.testng.Assert.failNotEquals(Assert.java:494)
	at org.testng.Assert.assertTrue(Assert.java:42)
	at com.happyfresh.android.Launch.TC_2014Q20007_001_015(Launch.java:178)
	at sun.reflect.NativeMethodAccessorImpl.invoke0(Native Method)
	at sun.reflect.NativeMethodAccessorImpl.invoke(NativeMethodAccessorImpl.java:62)
	at sun.reflect.DelegatingMethodAccessorImpl.invoke(DelegatingMethodAccessorImpl.java:43)
	at java.lang.reflect.Method.invoke(Method.java:483)
	at org.testng.internal.MethodInvocationHelper.invokeMethod(MethodInvocationHelper.java:84)
	at org.testng.internal.Invoker.invokeMethod(Invoker.java:714)
	at org.testng.internal.Invoker.invokeTestMethod(Invoker.java:901)
	at org.testng.internal.Invoker.invokeTestMethods(Invoker.java:1231)
	at org.testng.internal.TestMethodWorker.invokeTestMethods(TestMethodWorker.java:127)
	at org.testng.internal.TestMethodWorker.run(TestMethodWorker.java:111)
	at org.testng.TestRunner.privateRun(TestRunner.java:767)
	at org.testng.TestRunner.run(TestRunner.java:617)
	at org.testng.SuiteRunner.runTest(SuiteRunner.java:348)
	at org.testng.SuiteRunner.runSequentially(SuiteRunner.java:343)
	at org.testng.SuiteRunner.privateRun(SuiteRunner.java:305)
	at org.testng.SuiteRunner.run(SuiteRunner.java:254)
	at org.testng.SuiteRunnerWorker.runSuite(SuiteRunnerWorker.java:52)
	at org.testng.SuiteRunnerWorker.run(SuiteRunnerWorker.java:86)
	at org.testng.TestNG.runSuitesSequentially(TestNG.java:1224)
	at org.testng.TestNG.runSuitesLocally(TestNG.java:1149)
	at org.testng.TestNG.run(TestNG.java:1057)
	at org.testng.remote.RemoteTestNG.run(RemoteTestNG.java:111)
	at org.testng.remote.RemoteTestNG.initAndRun(RemoteTestNG.java:204)
	at org.testng.remote.RemoteTestNG.main(RemoteTestNG.java:175)
</pre></div></td>
<td>5</td>
<td>com.happyfresh.android.Launch@27f674d</td></tr>
</table><p>
<table width='100%' border='1' class='invocation-passed'>
<tr><td colspan='4' align='center'><b>PASSED TESTS</b></td></tr>
<tr><td><b>Test method</b></td>
<td width="30%"><b>Exception</b></td>
<td width="10%"><b>Time (seconds)</b></td>
<td><b>Instance</b></td>
</tr>
<tr>
<td title='com.happyfresh.android.Launch.TC_2014Q20007_001_002()'><b>TC_2014Q20007_001_002</b><br>Test class: com.happyfresh.android.Launch</td>
<td></td>
<td>0</td>
<td>com.happyfresh.android.Launch@27f674d</td></tr>
<tr>
<td title='com.happyfresh.android.Launch.TC_2014Q20007_001_003()'><b>TC_2014Q20007_001_003</b><br>Test class: com.happyfresh.android.Launch</td>
<td></td>
<td>1</td>
<td>com.happyfresh.android.Launch@27f674d</td></tr>
<tr>
<td title='com.happyfresh.android.Launch.TC_2014Q20007_001_004()'><b>TC_2014Q20007_001_004</b><br>Test class: com.happyfresh.android.Launch</td>
<td></td>
<td>1</td>
<td>com.happyfresh.android.Launch@27f674d</td></tr>
<tr>
<td title='com.happyfresh.android.Launch.TC_2014Q20007_001_005()'><b>TC_2014Q20007_001_005</b><br>Test class: com.happyfresh.android.Launch</td>
<td></td>
<td>0</td>
<td>com.happyfresh.android.Launch@27f674d</td></tr>
<tr>
<td title='com.happyfresh.android.Launch.TC_2014Q20007_001_006()'><b>TC_2014Q20007_001_006</b><br>Test class: com.happyfresh.android.Launch</td>
<td></td>
<td>1</td>
<td>com.happyfresh.android.Launch@27f674d</td></tr>
<tr>
<td title='com.happyfresh.android.Launch.TC_2014Q20007_001_007()'><b>TC_2014Q20007_001_007</b><br>Test class: com.happyfresh.android.Launch</td>
<td></td>
<td>1</td>
<td>com.happyfresh.android.Launch@27f674d</td></tr>
<tr>
<td title='com.happyfresh.android.Launch.TC_2014Q20007_001_008()'><b>TC_2014Q20007_001_008</b><br>Test class: com.happyfresh.android.Launch</td>
<td></td>
<td>0</td>
<td>com.happyfresh.android.Launch@27f674d</td></tr>
<tr>
<td title='com.happyfresh.android.Launch.TC_2014Q20007_001_009()'><b>TC_2014Q20007_001_009</b><br>Test class: com.happyfresh.android.Launch</td>
<td></td>
<td>0</td>
<td>com.happyfresh.android.Launch@27f674d</td></tr>
<tr>
<td title='com.happyfresh.android.Launch.TC_2014Q20007_001_010()'><b>TC_2014Q20007_001_010</b><br>Test class: com.happyfresh.android.Launch</td>
<td></td>
<td>11</td>
<td>com.happyfresh.android.Launch@27f674d</td></tr>
<tr>
<td title='com.happyfresh.android.Launch.TC_2014Q20007_001_012()'><b>TC_2014Q20007_001_012</b><br>Test class: com.happyfresh.android.Launch</td>
<td></td>
<td>2</td>
<td>com.happyfresh.android.Launch@27f674d</td></tr>
<tr>
<td title='com.happyfresh.android.Launch.TC_2014Q20007_001_013()'><b>TC_2014Q20007_001_013</b><br>Test class: com.happyfresh.android.Launch</td>
<td></td>
<td>1</td>
<td>com.happyfresh.android.Launch@27f674d</td></tr>
<tr>
<td title='com.happyfresh.android.Launch.TC_2014Q20007_001_014()'><b>TC_2014Q20007_001_014</b><br>Test class: com.happyfresh.android.Launch</td>
<td></td>
<td>1</td>
<td>com.happyfresh.android.Launch@27f674d</td></tr>
</table><p>
</body>
</html>