<?xml version="1.0" encoding="UTF-8"?>
<testng-results skipped="0" failed="2" total="14" passed="12">
  <reporter-output>
  </reporter-output>
  <suite name="Suite" duration-ms="44595" started-at="2015-06-18T09:41:03Z" finished-at="2015-06-18T09:41:47Z">
    <groups>
    </groups>
    <test name="Test" duration-ms="44595" started-at="2015-06-18T09:41:03Z" finished-at="2015-06-18T09:41:47Z">
      <class name="com.happyfresh.android.Launch">
        <test-method status="PASS" signature="setUp()[pri:0, instance:com.happyfresh.android.Launch@27f674d]" name="setUp" is-config="true" duration-ms="7477" started-at="2015-06-18T16:41:03Z" finished-at="2015-06-18T16:41:10Z">
          <reporter-output>
          </reporter-output>
        </test-method> <!-- setUp -->
        <test-method status="FAIL" signature="TC_2014Q20007_001_001()[pri:0, instance:com.happyfresh.android.Launch@27f674d]" name="TC_2014Q20007_001_001" duration-ms="5679" started-at="2015-06-18T16:41:10Z" finished-at="2015-06-18T16:41:16Z">
          <exception class="org.openqa.selenium.NoSuchElementException">
            <message>
              <![CDATA[An element could not be located on the page using the given search parameters. (WARNING: The server did not provide any stacktrace information)
Command duration or timeout: 5.66 seconds
For documentation on this error, please visit: http://seleniumhq.org/exceptions/no_such_element.html
Build info: version: '2.46.0', revision: '61506a4624b13675f24581e453592342b7485d71', time: '2015-06-04 10:22:50'
System info: host: 'ketoprak-ma.local', ip: '10.0.30.28', os.name: 'Mac OS X', os.arch: 'x86_64', os.version: '10.9.5', java.version: '1.8.0_25'
Driver info: io.appium.java_client.android.AndroidDriver
Capabilities [{app=/Users/rsavianto/Projects/Makana/android/app/build/outputs/apk/app-staging-debug.apk, appPackage=com.happyfresh.staging, networkConnectionEnabled=true, intentAction=android.intent.action.MAIN, warnings={}, databaseEnabled=false, deviceName=0611baf600732ea3, platform=LINUX, desired={app=/Users/rsavianto/Projects/Makana/android/app/build/outputs/apk/app-staging-debug.apk, appPackage=com.happyfresh.staging, intentAction=android.intent.action.MAIN, platformVersion=4.4, platformName=Android, deviceName=Android}, platformVersion=5.1.1, webStorageEnabled=false, locationContextEnabled=false, browserName=Android, takesScreenshot=true, javascriptEnabled=true, platformName=Android}]
Session ID: a30d6f8e-a05e-4031-b8ed-abeda4397c09
*** Element info: {Using=id, value=com.happyfresh.staging:id/logo}]]>
            </message>
            <full-stacktrace>
              <![CDATA[org.openqa.selenium.NoSuchElementException: An element could not be located on the page using the given search parameters. (WARNING: The server did not provide any stacktrace information)
Command duration or timeout: 5.66 seconds
For documentation on this error, please visit: http://seleniumhq.org/exceptions/no_such_element.html
Build info: version: '2.46.0', revision: '61506a4624b13675f24581e453592342b7485d71', time: '2015-06-04 10:22:50'
System info: host: 'ketoprak-ma.local', ip: '10.0.30.28', os.name: 'Mac OS X', os.arch: 'x86_64', os.version: '10.9.5', java.version: '1.8.0_25'
Driver info: io.appium.java_client.android.AndroidDriver
Capabilities [{app=/Users/rsavianto/Projects/Makana/android/app/build/outputs/apk/app-staging-debug.apk, appPackage=com.happyfresh.staging, networkConnectionEnabled=true, intentAction=android.intent.action.MAIN, warnings={}, databaseEnabled=false, deviceName=0611baf600732ea3, platform=LINUX, desired={app=/Users/rsavianto/Projects/Makana/android/app/build/outputs/apk/app-staging-debug.apk, appPackage=com.happyfresh.staging, intentAction=android.intent.action.MAIN, platformVersion=4.4, platformName=Android, deviceName=Android}, platformVersion=5.1.1, webStorageEnabled=false, locationContextEnabled=false, browserName=Android, takesScreenshot=true, javascriptEnabled=true, platformName=Android}]
Session ID: a30d6f8e-a05e-4031-b8ed-abeda4397c09
*** Element info: {Using=id, value=com.happyfresh.staging:id/logo}
	at sun.reflect.NativeConstructorAccessorImpl.newInstance0(Native Method)
	at sun.reflect.NativeConstructorAccessorImpl.newInstance(NativeConstructorAccessorImpl.java:62)
	at sun.reflect.DelegatingConstructorAccessorImpl.newInstance(DelegatingConstructorAccessorImpl.java:45)
	at java.lang.reflect.Constructor.newInstance(Constructor.java:408)
	at org.openqa.selenium.remote.ErrorHandler.createThrowable(ErrorHandler.java:204)
	at org.openqa.selenium.remote.ErrorHandler.throwIfResponseFailed(ErrorHandler.java:156)
	at org.openqa.selenium.remote.RemoteWebDriver.execute(RemoteWebDriver.java:605)
	at io.appium.java_client.AppiumDriver.execute(AppiumDriver.java:180)
	at org.openqa.selenium.remote.RemoteWebDriver.findElement(RemoteWebDriver.java:358)
	at org.openqa.selenium.remote.RemoteWebDriver.findElementById(RemoteWebDriver.java:399)
	at org.openqa.selenium.By$ById.findElement(By.java:215)
	at org.openqa.selenium.remote.RemoteWebDriver.findElement(RemoteWebDriver.java:350)
	at com.happyfresh.android.Launch.TC_2014Q20007_001_001(Launch.java:34)
	at sun.reflect.NativeMethodAccessorImpl.invoke0(Native Method)
	at sun.reflect.NativeMethodAccessorImpl.invoke(NativeMethodAccessorImpl.java:62)
	at sun.reflect.DelegatingMethodAccessorImpl.invoke(DelegatingMethodAccessorImpl.java:43)
	at java.lang.reflect.Method.invoke(Method.java:483)
	at org.testng.internal.MethodInvocationHelper.invokeMethod(MethodInvocationHelper.java:84)
	at org.testng.internal.Invoker.invokeMethod(Invoker.java:714)
	at org.testng.internal.Invoker.invokeTestMethod(Invoker.java:901)
	at org.testng.internal.Invoker.invokeTestMethods(Invoker.java:1231)
	at org.testng.internal.TestMethodWorker.invokeTestMethods(TestMethodWorker.java:127)
	at org.testng.internal.TestMethodWorker.run(TestMethodWorker.java:111)
	at org.testng.TestRunner.privateRun(TestRunner.java:767)
	at org.testng.TestRunner.run(TestRunner.java:617)
	at org.testng.SuiteRunner.runTest(SuiteRunner.java:348)
	at org.testng.SuiteRunner.runSequentially(SuiteRunner.java:343)
	at org.testng.SuiteRunner.privateRun(SuiteRunner.java:305)
	at org.testng.SuiteRunner.run(SuiteRunner.java:254)
	at org.testng.SuiteRunnerWorker.runSuite(SuiteRunnerWorker.java:52)
	at org.testng.SuiteRunnerWorker.run(SuiteRunnerWorker.java:86)
	at org.testng.TestNG.runSuitesSequentially(TestNG.java:1224)
	at org.testng.TestNG.runSuitesLocally(TestNG.java:1149)
	at org.testng.TestNG.run(TestNG.java:1057)
	at org.testng.remote.RemoteTestNG.run(RemoteTestNG.java:111)
	at org.testng.remote.RemoteTestNG.initAndRun(RemoteTestNG.java:204)
	at org.testng.remote.RemoteTestNG.main(RemoteTestNG.java:175)
]]>
            </full-stacktrace>
          </exception> <!-- org.openqa.selenium.NoSuchElementException -->
          <reporter-output>
          </reporter-output>
        </test-method> <!-- TC_2014Q20007_001_001 -->
        <test-method status="PASS" signature="TC_2014Q20007_001_002()[pri:0, instance:com.happyfresh.android.Launch@27f674d]" name="TC_2014Q20007_001_002" duration-ms="174" started-at="2015-06-18T16:41:16Z" finished-at="2015-06-18T16:41:16Z">
          <reporter-output>
          </reporter-output>
        </test-method> <!-- TC_2014Q20007_001_002 -->
        <test-method status="PASS" signature="TC_2014Q20007_001_003()[pri:0, instance:com.happyfresh.android.Launch@27f674d]" name="TC_2014Q20007_001_003" duration-ms="1952" started-at="2015-06-18T16:41:16Z" finished-at="2015-06-18T16:41:18Z">
          <reporter-output>
          </reporter-output>
        </test-method> <!-- TC_2014Q20007_001_003 -->
        <test-method status="PASS" signature="TC_2014Q20007_001_004()[pri:0, instance:com.happyfresh.android.Launch@27f674d]" name="TC_2014Q20007_001_004" duration-ms="1789" started-at="2015-06-18T16:41:18Z" finished-at="2015-06-18T16:41:20Z">
          <reporter-output>
          </reporter-output>
        </test-method> <!-- TC_2014Q20007_001_004 -->
        <test-method status="PASS" signature="TC_2014Q20007_001_005()[pri:0, instance:com.happyfresh.android.Launch@27f674d]" name="TC_2014Q20007_001_005" duration-ms="697" started-at="2015-06-18T16:41:20Z" finished-at="2015-06-18T16:41:20Z">
          <reporter-output>
          </reporter-output>
        </test-method> <!-- TC_2014Q20007_001_005 -->
        <test-method status="PASS" signature="TC_2014Q20007_001_006()[pri:0, instance:com.happyfresh.android.Launch@27f674d]" name="TC_2014Q20007_001_006" duration-ms="1922" started-at="2015-06-18T16:41:20Z" finished-at="2015-06-18T16:41:22Z">
          <reporter-output>
          </reporter-output>
        </test-method> <!-- TC_2014Q20007_001_006 -->
        <test-method status="PASS" signature="TC_2014Q20007_001_007()[pri:0, instance:com.happyfresh.android.Launch@27f674d]" name="TC_2014Q20007_001_007" duration-ms="1812" started-at="2015-06-18T16:41:22Z" finished-at="2015-06-18T16:41:24Z">
          <reporter-output>
          </reporter-output>
        </test-method> <!-- TC_2014Q20007_001_007 -->
        <test-method status="PASS" signature="TC_2014Q20007_001_008()[pri:0, instance:com.happyfresh.android.Launch@27f674d]" name="TC_2014Q20007_001_008" duration-ms="672" started-at="2015-06-18T16:41:24Z" finished-at="2015-06-18T16:41:25Z">
          <reporter-output>
          </reporter-output>
        </test-method> <!-- TC_2014Q20007_001_008 -->
        <test-method status="PASS" signature="TC_2014Q20007_001_009()[pri:0, instance:com.happyfresh.android.Launch@27f674d]" name="TC_2014Q20007_001_009" duration-ms="672" started-at="2015-06-18T16:41:25Z" finished-at="2015-06-18T16:41:25Z">
          <reporter-output>
          </reporter-output>
        </test-method> <!-- TC_2014Q20007_001_009 -->
        <test-method status="PASS" signature="TC_2014Q20007_001_010()[pri:0, instance:com.happyfresh.android.Launch@27f674d]" name="TC_2014Q20007_001_010" duration-ms="11108" started-at="2015-06-18T16:41:25Z" finished-at="2015-06-18T16:41:37Z">
          <reporter-output>
          </reporter-output>
        </test-method> <!-- TC_2014Q20007_001_010 -->
        <test-method status="PASS" signature="TC_2014Q20007_001_012()[pri:0, instance:com.happyfresh.android.Launch@27f674d]" name="TC_2014Q20007_001_012" duration-ms="2336" started-at="2015-06-18T16:41:37Z" finished-at="2015-06-18T16:41:39Z">
          <reporter-output>
          </reporter-output>
        </test-method> <!-- TC_2014Q20007_001_012 -->
        <test-method status="PASS" signature="TC_2014Q20007_001_013()[pri:0, instance:com.happyfresh.android.Launch@27f674d]" name="TC_2014Q20007_001_013" duration-ms="1043" started-at="2015-06-18T16:41:39Z" finished-at="2015-06-18T16:41:40Z">
          <reporter-output>
          </reporter-output>
        </test-method> <!-- TC_2014Q20007_001_013 -->
        <test-method status="PASS" signature="TC_2014Q20007_001_014()[pri:0, instance:com.happyfresh.android.Launch@27f674d]" name="TC_2014Q20007_001_014" duration-ms="1261" started-at="2015-06-18T16:41:40Z" finished-at="2015-06-18T16:41:41Z">
          <reporter-output>
          </reporter-output>
        </test-method> <!-- TC_2014Q20007_001_014 -->
        <test-method status="FAIL" signature="TC_2014Q20007_001_015()[pri:0, instance:com.happyfresh.android.Launch@27f674d]" name="TC_2014Q20007_001_015" duration-ms="5299" started-at="2015-06-18T16:41:41Z" finished-at="2015-06-18T16:41:46Z">
          <exception class="java.lang.AssertionError">
            <message>
              <![CDATA[Back button on Sign Up page not exist expected [true] but found [false]]]>
            </message>
            <full-stacktrace>
              <![CDATA[java.lang.AssertionError: Back button on Sign Up page not exist expected [true] but found [false]
	at org.testng.Assert.fail(Assert.java:94)
	at org.testng.Assert.failNotEquals(Assert.java:494)
	at org.testng.Assert.assertTrue(Assert.java:42)
	at com.happyfresh.android.Launch.TC_2014Q20007_001_015(Launch.java:178)
	at sun.reflect.NativeMethodAccessorImpl.invoke0(Native Method)
	at sun.reflect.NativeMethodAccessorImpl.invoke(NativeMethodAccessorImpl.java:62)
	at sun.reflect.DelegatingMethodAccessorImpl.invoke(DelegatingMethodAccessorImpl.java:43)
	at java.lang.reflect.Method.invoke(Method.java:483)
	at org.testng.internal.MethodInvocationHelper.invokeMethod(MethodInvocationHelper.java:84)
	at org.testng.internal.Invoker.invokeMethod(Invoker.java:714)
	at org.testng.internal.Invoker.invokeTestMethod(Invoker.java:901)
	at org.testng.internal.Invoker.invokeTestMethods(Invoker.java:1231)
	at org.testng.internal.TestMethodWorker.invokeTestMethods(TestMethodWorker.java:127)
	at org.testng.internal.TestMethodWorker.run(TestMethodWorker.java:111)
	at org.testng.TestRunner.privateRun(TestRunner.java:767)
	at org.testng.TestRunner.run(TestRunner.java:617)
	at org.testng.SuiteRunner.runTest(SuiteRunner.java:348)
	at org.testng.SuiteRunner.runSequentially(SuiteRunner.java:343)
	at org.testng.SuiteRunner.privateRun(SuiteRunner.java:305)
	at org.testng.SuiteRunner.run(SuiteRunner.java:254)
	at org.testng.SuiteRunnerWorker.runSuite(SuiteRunnerWorker.java:52)
	at org.testng.SuiteRunnerWorker.run(SuiteRunnerWorker.java:86)
	at org.testng.TestNG.runSuitesSequentially(TestNG.java:1224)
	at org.testng.TestNG.runSuitesLocally(TestNG.java:1149)
	at org.testng.TestNG.run(TestNG.java:1057)
	at org.testng.remote.RemoteTestNG.run(RemoteTestNG.java:111)
	at org.testng.remote.RemoteTestNG.initAndRun(RemoteTestNG.java:204)
	at org.testng.remote.RemoteTestNG.main(RemoteTestNG.java:175)
]]>
            </full-stacktrace>
          </exception> <!-- java.lang.AssertionError -->
          <reporter-output>
          </reporter-output>
        </test-method> <!-- TC_2014Q20007_001_015 -->
        <test-method status="PASS" signature="tearDown()[pri:0, instance:com.happyfresh.android.Launch@27f674d]" name="tearDown" is-config="true" duration-ms="672" started-at="2015-06-18T16:41:46Z" finished-at="2015-06-18T16:41:47Z">
          <reporter-output>
          </reporter-output>
        </test-method> <!-- tearDown -->
      </class> <!-- com.happyfresh.android.Launch -->
    </test> <!-- Test -->
  </suite> <!-- Suite -->
</testng-results>
