<?xml version="1.0" encoding="UTF-8"?>
<!-- Generated by org.testng.reporters.JUnitReportReporter -->
<testsuite hostname="ketoprak-ma.local" name="com.happyfresh.android.Launch" tests="14" failures="1" timestamp="18 Jun 2015 09:41:47 GMT" time="36.416" errors="1">
  <testcase name="TC_2014Q20007_001_008" time="0.672" classname="com.happyfresh.android.Launch"/>
  <testcase name="TC_2014Q20007_001_001" time="5.679" classname="com.happyfresh.android.Launch">
    <failure type="org.openqa.selenium.NoSuchElementException" message="An element could not be located on the page using the given search parameters. (WARNING: The server did not provide any stacktrace information)
Command duration or timeout: 5.66 seconds
For documentation on this error, please visit: http://seleniumhq.org/exceptions/no_such_element.html
Build info: version: &#039;2.46.0&#039;, revision: &#039;61506a4624b13675f24581e453592342b7485d71&#039;, time: &#039;2015-06-04 10:22:50&#039;
System info: host: &#039;ketoprak-ma.local&#039;, ip: &#039;10.0.30.28&#039;, os.name: &#039;Mac OS X&#039;, os.arch: &#039;x86_64&#039;, os.version: &#039;10.9.5&#039;, java.version: &#039;1.8.0_25&#039;
Driver info: io.appium.java_client.android.AndroidDriver
Capabilities [{app=/Users/rsavianto/Projects/Makana/android/app/build/outputs/apk/app-staging-debug.apk, appPackage=com.happyfresh.staging, networkConnectionEnabled=true, intentAction=android.intent.action.MAIN, warnings={}, databaseEnabled=false, deviceName=0611baf600732ea3, platform=LINUX, desired={app=/Users/rsavianto/Projects/Makana/android/app/build/outputs/apk/app-staging-debug.apk, appPackage=com.happyfresh.staging, intentAction=android.intent.action.MAIN, platformVersion=4.4, platformName=Android, deviceName=Android}, platformVersion=5.1.1, webStorageEnabled=false, locationContextEnabled=false, browserName=Android, takesScreenshot=true, javascriptEnabled=true, platformName=Android}]
Session ID: a30d6f8e-a05e-4031-b8ed-abeda4397c09
*** Element info: {Using=id, value=com.happyfresh.staging:id/logo}">
      <![CDATA[org.openqa.selenium.NoSuchElementException: An element could not be located on the page using the given search parameters. (WARNING: The server did not provide any stacktrace information)
Command duration or timeout: 5.66 seconds
For documentation on this error, please visit: http://seleniumhq.org/exceptions/no_such_element.html
Build info: version: '2.46.0', revision: '61506a4624b13675f24581e453592342b7485d71', time: '2015-06-04 10:22:50'
System info: host: 'ketoprak-ma.local', ip: '10.0.30.28', os.name: 'Mac OS X', os.arch: 'x86_64', os.version: '10.9.5', java.version: '1.8.0_25'
Driver info: io.appium.java_client.android.AndroidDriver
Capabilities [{app=/Users/rsavianto/Projects/Makana/android/app/build/outputs/apk/app-staging-debug.apk, appPackage=com.happyfresh.staging, networkConnectionEnabled=true, intentAction=android.intent.action.MAIN, warnings={}, databaseEnabled=false, deviceName=0611baf600732ea3, platform=LINUX, desired={app=/Users/rsavianto/Projects/Makana/android/app/build/outputs/apk/app-staging-debug.apk, appPackage=com.happyfresh.staging, intentAction=android.intent.action.MAIN, platformVersion=4.4, platformName=Android, deviceName=Android}, platformVersion=5.1.1, webStorageEnabled=false, locationContextEnabled=false, browserName=Android, takesScreenshot=true, javascriptEnabled=true, platformName=Android}]
Session ID: a30d6f8e-a05e-4031-b8ed-abeda4397c09
*** Element info: {Using=id, value=com.happyfresh.staging:id/logo}
	at sun.reflect.NativeConstructorAccessorImpl.newInstance0(Native Method)
	at sun.reflect.NativeConstructorAccessorImpl.newInstance(NativeConstructorAccessorImpl.java:62)
	at sun.reflect.DelegatingConstructorAccessorImpl.newInstance(DelegatingConstructorAccessorImpl.java:45)
	at java.lang.reflect.Constructor.newInstance(Constructor.java:408)
	at org.openqa.selenium.remote.ErrorHandler.createThrowable(ErrorHandler.java:204)
	at org.openqa.selenium.remote.ErrorHandler.throwIfResponseFailed(ErrorHandler.java:156)
	at org.openqa.selenium.remote.RemoteWebDriver.execute(RemoteWebDriver.java:605)
	at io.appium.java_client.AppiumDriver.execute(AppiumDriver.java:180)
	at org.openqa.selenium.remote.RemoteWebDriver.findElement(RemoteWebDriver.java:358)
	at org.openqa.selenium.remote.RemoteWebDriver.findElementById(RemoteWebDriver.java:399)
	at org.openqa.selenium.By$ById.findElement(By.java:215)
	at org.openqa.selenium.remote.RemoteWebDriver.findElement(RemoteWebDriver.java:350)
	at com.happyfresh.android.Launch.TC_2014Q20007_001_001(Launch.java:34)
	at sun.reflect.NativeMethodAccessorImpl.invoke0(Native Method)
	at sun.reflect.NativeMethodAccessorImpl.invoke(NativeMethodAccessorImpl.java:62)
	at sun.reflect.DelegatingMethodAccessorImpl.invoke(DelegatingMethodAccessorImpl.java:43)
	at java.lang.reflect.Method.invoke(Method.java:483)
	at org.testng.internal.MethodInvocationHelper.invokeMethod(MethodInvocationHelper.java:84)
	at org.testng.internal.Invoker.invokeMethod(Invoker.java:714)
	at org.testng.internal.Invoker.invokeTestMethod(Invoker.java:901)
	at org.testng.internal.Invoker.invokeTestMethods(Invoker.java:1231)
	at org.testng.internal.TestMethodWorker.invokeTestMethods(TestMethodWorker.java:127)
	at org.testng.internal.TestMethodWorker.run(TestMethodWorker.java:111)
	at org.testng.TestRunner.privateRun(TestRunner.java:767)
	at org.testng.TestRunner.run(TestRunner.java:617)
	at org.testng.SuiteRunner.runTest(SuiteRunner.java:348)
	at org.testng.SuiteRunner.runSequentially(SuiteRunner.java:343)
	at org.testng.SuiteRunner.privateRun(SuiteRunner.java:305)
	at org.testng.SuiteRunner.run(SuiteRunner.java:254)
	at org.testng.SuiteRunnerWorker.runSuite(SuiteRunnerWorker.java:52)
	at org.testng.SuiteRunnerWorker.run(SuiteRunnerWorker.java:86)
	at org.testng.TestNG.runSuitesSequentially(TestNG.java:1224)
	at org.testng.TestNG.runSuitesLocally(TestNG.java:1149)
	at org.testng.TestNG.run(TestNG.java:1057)
	at org.testng.remote.RemoteTestNG.run(RemoteTestNG.java:111)
	at org.testng.remote.RemoteTestNG.initAndRun(RemoteTestNG.java:204)
	at org.testng.remote.RemoteTestNG.main(RemoteTestNG.java:175)
]]>
    </failure>
  </testcase> <!-- TC_2014Q20007_001_001 -->
  <testcase name="TC_2014Q20007_001_009" time="0.672" classname="com.happyfresh.android.Launch"/>
  <testcase name="TC_2014Q20007_001_002" time="0.174" classname="com.happyfresh.android.Launch"/>
  <testcase name="TC_2014Q20007_001_007" time="1.812" classname="com.happyfresh.android.Launch"/>
  <testcase name="TC_2014Q20007_001_014" time="1.261" classname="com.happyfresh.android.Launch"/>
  <testcase name="TC_2014Q20007_001_003" time="1.952" classname="com.happyfresh.android.Launch"/>
  <testcase name="TC_2014Q20007_001_015" time="5.299" classname="com.happyfresh.android.Launch">
    <error type="java.lang.AssertionError" message="Back button on Sign Up page not exist expected [true] but found [false]">
      <![CDATA[java.lang.AssertionError: Back button on Sign Up page not exist expected [true] but found [false]
	at org.testng.Assert.fail(Assert.java:94)
	at org.testng.Assert.failNotEquals(Assert.java:494)
	at org.testng.Assert.assertTrue(Assert.java:42)
	at com.happyfresh.android.Launch.TC_2014Q20007_001_015(Launch.java:178)
	at sun.reflect.NativeMethodAccessorImpl.invoke0(Native Method)
	at sun.reflect.NativeMethodAccessorImpl.invoke(NativeMethodAccessorImpl.java:62)
	at sun.reflect.DelegatingMethodAccessorImpl.invoke(DelegatingMethodAccessorImpl.java:43)
	at java.lang.reflect.Method.invoke(Method.java:483)
	at org.testng.internal.MethodInvocationHelper.invokeMethod(MethodInvocationHelper.java:84)
	at org.testng.internal.Invoker.invokeMethod(Invoker.java:714)
	at org.testng.internal.Invoker.invokeTestMethod(Invoker.java:901)
	at org.testng.internal.Invoker.invokeTestMethods(Invoker.java:1231)
	at org.testng.internal.TestMethodWorker.invokeTestMethods(TestMethodWorker.java:127)
	at org.testng.internal.TestMethodWorker.run(TestMethodWorker.java:111)
	at org.testng.TestRunner.privateRun(TestRunner.java:767)
	at org.testng.TestRunner.run(TestRunner.java:617)
	at org.testng.SuiteRunner.runTest(SuiteRunner.java:348)
	at org.testng.SuiteRunner.runSequentially(SuiteRunner.java:343)
	at org.testng.SuiteRunner.privateRun(SuiteRunner.java:305)
	at org.testng.SuiteRunner.run(SuiteRunner.java:254)
	at org.testng.SuiteRunnerWorker.runSuite(SuiteRunnerWorker.java:52)
	at org.testng.SuiteRunnerWorker.run(SuiteRunnerWorker.java:86)
	at org.testng.TestNG.runSuitesSequentially(TestNG.java:1224)
	at org.testng.TestNG.runSuitesLocally(TestNG.java:1149)
	at org.testng.TestNG.run(TestNG.java:1057)
	at org.testng.remote.RemoteTestNG.run(RemoteTestNG.java:111)
	at org.testng.remote.RemoteTestNG.initAndRun(RemoteTestNG.java:204)
	at org.testng.remote.RemoteTestNG.main(RemoteTestNG.java:175)
]]>
    </error>
  </testcase> <!-- TC_2014Q20007_001_015 -->
  <testcase name="TC_2014Q20007_001_004" time="1.789" classname="com.happyfresh.android.Launch"/>
  <testcase name="TC_2014Q20007_001_005" time="0.697" classname="com.happyfresh.android.Launch"/>
  <testcase name="TC_2014Q20007_001_013" time="1.043" classname="com.happyfresh.android.Launch"/>
  <testcase name="TC_2014Q20007_001_006" time="1.922" classname="com.happyfresh.android.Launch"/>
  <testcase name="TC_2014Q20007_001_010" time="11.108" classname="com.happyfresh.android.Launch"/>
  <testcase name="TC_2014Q20007_001_012" time="2.336" classname="com.happyfresh.android.Launch"/>
</testsuite> <!-- com.happyfresh.android.Launch -->
